# JRE version: Java(TM) SE Runtime Environment (8.0_77-b03) (build 1.8.0_77-b03)
# Java VM: Java HotSpot(TM) 64-Bit Server VM (25.77-b03 mixed mode windows-amd64 compressed oops)
Heap:
 PSYoungGen      total 270848K, used 267759K [0x00000000eab00000, 0x0000000100000000, 0x0000000100000000)
  eden space 192512K, 98% used [0x00000000eab00000,0x00000000f63ff038,0x00000000f6700000)
  from space 78336K, 99% used [0x00000000f6700000,0x00000000fb37cf68,0x00000000fb380000)
  to   space 78336K, 0% used [0x00000000fb380000,0x00000000fb380000,0x0000000100000000)
 ParOldGen       total 365568K, used 227683K [0x00000000c0000000, 0x00000000d6500000, 0x00000000eab00000)
  object space 365568K, 62% used [0x00000000c0000000,0x00000000cde58cf0,0x00000000d6500000)
 Metaspace       used 6687K, capacity 7320K, committed 7680K, reserved 1056768K
  class space    used 630K, capacity 656K, committed 768K, reserved 1048576K
GC Heap History (10 events):
Event: 5.940 GC heap before
{Heap before GC invocations=16 (full 2):
 PSYoungGen      total 283648K, used 253023K [0x00000000eab00000, 0x0000000100000000, 0x0000000100000000)
  eden space 218112K, 100% used [0x00000000eab00000,0x00000000f8000000,0x00000000f8000000)
  from space 65536K, 53% used [0x00000000f8000000,0x00000000fa217e70,0x00000000fc000000)
  to   space 65536K, 0% used [0x00000000fc000000,0x00000000fc000000,0x0000000100000000)
 ParOldGen       total 216064K, used 154722K [0x00000000c0000000, 0x00000000cd300000, 0x00000000eab00000)
  object space 216064K, 71% used [0x00000000c0000000,0x00000000c9718bf8,0x00000000cd300000)
 Metaspace       used 6662K, capacity 7320K, committed 7680K, reserved 1056768K
  class space    used 629K, capacity 656K, committed 768K, reserved 1048576K
Event: 6.014 GC heap after
Heap after GC invocations=16 (full 2):
 PSYoungGen      total 261120K, used 65526K [0x00000000eab00000, 0x0000000100000000, 0x0000000100000000)
  eden space 195584K, 0% used [0x00000000eab00000,0x00000000eab00000,0x00000000f6a00000)
  from space 65536K, 99% used [0x00000000fc000000,0x00000000ffffda98,0x0000000100000000)
  to   space 76800K, 0% used [0x00000000f6a00000,0x00000000f6a00000,0x00000000fb500000)
 ParOldGen       total 216064K, used 155098K [0x00000000c0000000, 0x00000000cd300000, 0x00000000eab00000)
  object space 216064K, 71% used [0x00000000c0000000,0x00000000c9776888,0x00000000cd300000)
 Metaspace       used 6662K, capacity 7320K, committed 7680K, reserved 1056768K
  class space    used 629K, capacity 656K, committed 768K, reserved 1048576K
}
Event: 6.377 GC heap before
{Heap before GC invocations=17 (full 2):
 PSYoungGen      total 261120K, used 261110K [0x00000000eab00000, 0x0000000100000000, 0x0000000100000000)
  eden space 195584K, 100% used [0x00000000eab00000,0x00000000f6a00000,0x00000000f6a00000)
  from space 65536K, 99% used [0x00000000fc000000,0x00000000ffffda98,0x0000000100000000)
  to   space 76800K, 0% used [0x00000000f6a00000,0x00000000f6a00000,0x00000000fb500000)
 ParOldGen       total 216064K, used 155098K [0x00000000c0000000, 0x00000000cd300000, 0x00000000eab00000)
  object space 216064K, 71% used [0x00000000c0000000,0x00000000c9776888,0x00000000cd300000)
 Metaspace       used 6676K, capacity 7320K, committed 7680K, reserved 1056768K
  class space    used 629K, capacity 656K, committed 768K, reserved 1048576K
Event: 6.463 GC heap after
Heap after GC invocations=17 (full 2):
 PSYoungGen      total 272384K, used 29423K [0x00000000eab00000, 0x0000000100000000, 0x0000000100000000)
  eden space 195584K, 0% used [0x00000000eab00000,0x00000000eab00000,0x00000000f6a00000)
  from space 76800K, 38% used [0x00000000f6a00000,0x00000000f86bbf20,0x00000000fb500000)
  to   space 72192K, 0% used [0x00000000fb980000,0x00000000fb980000,0x0000000100000000)
 ParOldGen       total 220160K, used 219819K [0x00000000c0000000, 0x00000000cd700000, 0x00000000eab00000)
  object space 220160K, 99% used [0x00000000c0000000,0x00000000cd6aad30,0x00000000cd700000)
 Metaspace       used 6676K, capacity 7320K, committed 7680K, reserved 1056768K
  class space    used 629K, capacity 656K, committed 768K, reserved 1048576K
}
Event: 6.463 GC heap before
{Heap before GC invocations=18 (full 3):
 PSYoungGen      total 272384K, used 29423K [0x00000000eab00000, 0x0000000100000000, 0x0000000100000000)
  eden space 195584K, 0% used [0x00000000eab00000,0x00000000eab00000,0x00000000f6a00000)
  from space 76800K, 38% used [0x00000000f6a00000,0x00000000f86bbf20,0x00000000fb500000)
  to   space 72192K, 0% used [0x00000000fb980000,0x00000000fb980000,0x0000000100000000)
 ParOldGen       total 220160K, used 219819K [0x00000000c0000000, 0x00000000cd700000, 0x00000000eab00000)
  object space 220160K, 99% used [0x00000000c0000000,0x00000000cd6aad30,0x00000000cd700000)
 Metaspace       used 6676K, capacity 7320K, committed 7680K, reserved 1056768K
  class space    used 629K, capacity 656K, committed 768K, reserved 1048576K
Event: 7.503 GC heap after
Heap after GC invocations=18 (full 3):
 PSYoungGen      total 272384K, used 26648K [0x00000000eab00000, 0x0000000100000000, 0x0000000100000000)
  eden space 195584K, 0% used [0x00000000eab00000,0x00000000eab00000,0x00000000f6a00000)
  from space 76800K, 34% used [0x00000000f6a00000,0x00000000f84060a8,0x00000000fb500000)
  to   space 72192K, 0% used [0x00000000fb980000,0x00000000fb980000,0x0000000100000000)
 ParOldGen       total 365568K, used 219857K [0x00000000c0000000, 0x00000000d6500000, 0x00000000eab00000)
  object space 365568K, 60% used [0x00000000c0000000,0x00000000cd6b4418,0x00000000d6500000)
 Metaspace       used 6676K, capacity 7320K, committed 7680K, reserved 1056768K
  class space    used 629K, capacity 656K, committed 768K, reserved 1048576K
}
Event: 7.889 GC heap before
{Heap before GC invocations=19 (full 3):
 PSYoungGen      total 272384K, used 222232K [0x00000000eab00000, 0x0000000100000000, 0x0000000100000000)
  eden space 195584K, 100% used [0x00000000eab00000,0x00000000f6a00000,0x00000000f6a00000)
  from space 76800K, 34% used [0x00000000f6a00000,0x00000000f84060a8,0x00000000fb500000)
  to   space 72192K, 0% used [0x00000000fb980000,0x00000000fb980000,0x0000000100000000)
 ParOldGen       total 365568K, used 219857K [0x00000000c0000000, 0x00000000d6500000, 0x00000000eab00000)
  object space 365568K, 60% used [0x00000000c0000000,0x00000000cd6b4418,0x00000000d6500000)
 Metaspace       used 6679K, capacity 7320K, committed 7680K, reserved 1056768K
  class space    used 629K, capacity 656K, committed 768K, reserved 1048576K
Event: 8.021 GC heap after
Heap after GC invocations=19 (full 3):
 PSYoungGen      total 264704K, used 57583K [0x00000000eab00000, 0x0000000100000000, 0x0000000100000000)
  eden space 192512K, 0% used [0x00000000eab00000,0x00000000eab00000,0x00000000f6700000)
  from space 72192K, 79% used [0x00000000fb980000,0x00000000ff1bbdf0,0x0000000100000000)
  to   space 78336K, 0% used [0x00000000f6700000,0x00000000f6700000,0x00000000fb380000)
 ParOldGen       total 365568K, used 219865K [0x00000000c0000000, 0x00000000d6500000, 0x00000000eab00000)
  object space 365568K, 60% used [0x00000000c0000000,0x00000000cd6b6418,0x00000000d6500000)
 Metaspace       used 6679K, capacity 7320K, committed 7680K, reserved 1056768K
  class space    used 629K, capacity 656K, committed 768K, reserved 1048576K
}
Event: 8.349 GC heap before
{Heap before GC invocations=20 (full 3):
 PSYoungGen      total 264704K, used 250095K [0x00000000eab00000, 0x0000000100000000, 0x0000000100000000)
  eden space 192512K, 100% used [0x00000000eab00000,0x00000000f6700000,0x00000000f6700000)
  from space 72192K, 79% used [0x00000000fb980000,0x00000000ff1bbdf0,0x0000000100000000)
  to   space 78336K, 0% used [0x00000000f6700000,0x00000000f6700000,0x00000000fb380000)
 ParOldGen       total 365568K, used 219865K [0x00000000c0000000, 0x00000000d6500000, 0x00000000eab00000)
  object space 365568K, 60% used [0x00000000c0000000,0x00000000cd6b6418,0x00000000d6500000)
 Metaspace       used 6686K, capacity 7320K, committed 7680K, reserved 1056768K
  class space    used 629K, capacity 656K, committed 768K, reserved 1048576K
Event: 8.424 GC heap after
Heap after GC invocations=20 (full 3):
 PSYoungGen      total 270848K, used 78323K [0x00000000eab00000, 0x0000000100000000, 0x0000000100000000)
  eden space 192512K, 0% used [0x00000000eab00000,0x00000000eab00000,0x00000000f6700000)
  from space 78336K, 99% used [0x00000000f6700000,0x00000000fb37cf68,0x00000000fb380000)
  to   space 78336K, 0% used [0x00000000fb380000,0x00000000fb380000,0x0000000100000000)
 ParOldGen       total 365568K, used 227683K [0x00000000c0000000, 0x00000000d6500000, 0x00000000eab00000)
  object space 365568K, 62% used [0x00000000c0000000,0x00000000cde58cf0,0x00000000d6500000)
 Metaspace       used 6686K, capacity 7320K, committed 7680K, reserved 1056768K
  class space    used 629K, capacity 656K, committed 768K, reserved 1048576K
}

